# JRE version: OpenJDK Runtime Environment (11.0.2+9) (build 11.0.2+9)
# Java VM: OpenJDK 64-Bit Server VM (11.0.2+9, mixed mode, tiered, compressed oops, g1 gc, windows-amd64)
Heap:
 garbage-first heap   total 233472K, used 77913K [0x0000000742200000, 0x0000000800000000)
  region size 1024K, 69 young (70656K), 9 survivors (9216K)
 Metaspace       used 43523K, capacity 44192K, committed 44460K, reserved 1089536K
  class space    used 4752K, capacity 5006K, committed 5120K, reserved 1048576K
GC Heap History (10 events):
Event: 3.002 GC heap before
{Heap before GC invocations=4 (full 0):
 garbage-first heap   total 194560K, used 15052K [0x0000000742200000, 0x0000000800000000)
  region size 1024K, 8 young (8192K), 4 survivors (4096K)
 Metaspace       used 20721K, capacity 21127K, committed 21248K, reserved 1069056K
  class space    used 2134K, capacity 2278K, committed 2304K, reserved 1048576K
}
Event: 3.009 GC heap after
{Heap after GC invocations=5 (full 0):
 garbage-first heap   total 194560K, used 12150K [0x0000000742200000, 0x0000000800000000)
  region size 1024K, 4 young (4096K), 4 survivors (4096K)
 Metaspace       used 20721K, capacity 21127K, committed 21248K, reserved 1069056K
  class space    used 2134K, capacity 2278K, committed 2304K, reserved 1048576K
}
Event: 4.362 GC heap before
{Heap before GC invocations=6 (full 0):
 garbage-first heap   total 194560K, used 75638K [0x0000000742200000, 0x0000000800000000)
  region size 1024K, 67 young (68608K), 4 survivors (4096K)
 Metaspace       used 23140K, capacity 23550K, committed 23680K, reserved 1071104K
  class space    used 2462K, capacity 2617K, committed 2688K, reserved 1048576K
}
Event: 4.367 GC heap after
{Heap after GC invocations=7 (full 0):
 garbage-first heap   total 194560K, used 11686K [0x0000000742200000, 0x0000000800000000)
  region size 1024K, 5 young (5120K), 5 survivors (5120K)
 Metaspace       used 23140K, capacity 23550K, committed 23680K, reserved 1071104K
  class space    used 2462K, capacity 2617K, committed 2688K, reserved 1048576K
}
Event: 6.695 GC heap before
{Heap before GC invocations=7 (full 0):
 garbage-first heap   total 194560K, used 100774K [0x0000000742200000, 0x0000000800000000)
  region size 1024K, 92 young (94208K), 5 survivors (5120K)
 Metaspace       used 33172K, capacity 33760K, committed 33920K, reserved 1079296K
  class space    used 3710K, capacity 3958K, committed 3968K, reserved 1048576K
}
Event: 6.707 GC heap after
{Heap after GC invocations=8 (full 0):
 garbage-first heap   total 194560K, used 14807K [0x0000000742200000, 0x0000000800000000)
  region size 1024K, 8 young (8192K), 8 survivors (8192K)
 Metaspace       used 33172K, capacity 33760K, committed 33920K, reserved 1079296K
  class space    used 3710K, capacity 3958K, committed 3968K, reserved 1048576K
}
Event: 7.153 GC heap before
{Heap before GC invocations=8 (full 0):
 garbage-first heap   total 194560K, used 43479K [0x0000000742200000, 0x0000000800000000)
  region size 1024K, 37 young (37888K), 8 survivors (8192K)
 Metaspace       used 34901K, capacity 35474K, committed 35628K, reserved 1081344K
  class space    used 3901K, capacity 4170K, committed 4224K, reserved 1048576K
}
Event: 7.165 GC heap after
{Heap after GC invocations=9 (full 0):
 garbage-first heap   total 194560K, used 15046K [0x0000000742200000, 0x0000000800000000)
  region size 1024K, 8 young (8192K), 8 survivors (8192K)
 Metaspace       used 34901K, capacity 35474K, committed 35628K, reserved 1081344K
  class space    used 3901K, capacity 4170K, committed 4224K, reserved 1048576K
}
Event: 12.862 GC heap before
{Heap before GC invocations=10 (full 0):
 garbage-first heap   total 194560K, used 123590K [0x0000000742200000, 0x0000000800000000)
  region size 1024K, 114 young (116736K), 8 survivors (8192K)
 Metaspace       used 38351K, capacity 38987K, committed 39084K, reserved 1083392K
  class space    used 4314K, capacity 4599K, committed 4608K, reserved 1048576K
}
Event: 12.874 GC heap after
{Heap after GC invocations=11 (full 0):
 garbage-first heap   total 233472K, used 16473K [0x0000000742200000, 0x0000000800000000)
  region size 1024K, 9 young (9216K), 9 survivors (9216K)
 Metaspace       used 38351K, capacity 38987K, committed 39084K, reserved 1083392K
  class space    used 4314K, capacity 4599K, committed 4608K, reserved 1048576K
}

